<?xml version="1.0" encoding="UTF-8"?>
<!-- Generated by org.testng.reporters.JUnitReportReporter -->
<testsuite skipped="0" hostname="DESKTOP-HR8D3KK" name="com.inetBanking.testCases.TC_LoginTest_001" tests="1" failures="0" timestamp="24 Jun 2019 10:49:32 GMT" time="29.858" errors="0">
  <testcase name="loginTest" time="29.858" classname="com.inetBanking.testCases.TC_LoginTest_001"/>
</testsuite> <!-- com.inetBanking.testCases.TC_LoginTest_001 -->
