<?xml version="1.0" encoding="UTF-8"?>
<!-- Generated by org.testng.reporters.JUnitReportReporter -->
<testsuite skipped="0" hostname="DESKTOP-HR8D3KK" name="com.inetBanking.testCases.TC_AddNewCustomer_002" tests="1" failures="0" timestamp="24 Jun 2019 12:51:58 GMT" time="39.577" errors="0">
  <testcase name="addNewCust" time="39.577" classname="com.inetBanking.testCases.TC_AddNewCustomer_002"/>
</testsuite> <!-- com.inetBanking.testCases.TC_AddNewCustomer_002 -->
